cl : command line  warning D9035: option 'Gm' has been deprecated and will be removed in a future release
  jutils.c
  jquant2.c
  jquant1.c
  jmemnobs.c
  jmemmgr.c
  jidctint.c
  jidctfst.c
  jidctflt.c
  jfdctint.c
  jfdctfst.c
  jfdctflt.c
  jerror.c
  jdtrans.c
  jdsample.c
  jdpostct.c
  jdmerge.c
  jdmaster.c
  jdmarker.c
  jdmainct.c
  jdinput.c
  Generating Code...
  Compiling...
  jdhuff.c
  jddctmgr.c
  jdcolor.c
  jdcoefct.c
  jdatasrc.c
  jdatadst.c
  jdarith.c
  jdapistd.c
  jdapimin.c
  jctrans.c
  jcsample.c
  jcprepct.c
  jcparam.c
  jcomapi.c
  jcmaster.c
  jcmarker.c
  jcmainct.c
  jcinit.c
  jchuff.c
  jcdctmgr.c
  Generating Code...
  Compiling...
  jccolor.c
  jccoefct.c
  jcarith.c
  jcapistd.c
  jcapimin.c
  jaricom.c
  Generating Code...
  libjpeg.vcxproj -> C:\Users\user\Documents\GitHub\tightvnc\x64\Debug\libjpeg.lib
