cl : command line  warning D9035: option 'Gm' has been deprecated and will be removed in a future release
  UploadOperation.cpp
  RemoteFolderCreateOperation.cpp
  RemoteFilesDeleteOperation.cpp
  RemoteFileRenameOperation.cpp
  RemoteFileListOperation.cpp
  OperationSupport.cpp
  OperationNotPermittedException.cpp
  OperationEventListener.cpp
  LocalFilesDeleteOperation.cpp
  FileTransferRequestSender.cpp
  FileTransferReplyBuffer.cpp
  FileTransferOperation.cpp
  FileTransferMessageProcessor.cpp
  FileTransferInterface.cpp
  FileTransferEventHandler.cpp
  FileTransferEventAdapter.cpp
  FileTransferCore.cpp
  FileInfoList.cpp
  DownloadOperation.cpp
  CopyOperation.cpp
  Generating Code...
  ft-client-lib.vcxproj -> C:\Users\user\Documents\GitHub\tightvnc\x64\Debug\ft-client-lib.lib
